0 info it worked if it ends with ok
1 verbose cli [ '/home/pil0t/.nvm/versions/node/v6.2.1/bin/node',
1 verbose cli   '/home/pil0t/.nvm/versions/node/v6.2.1/bin/npm',
1 verbose cli   'start' ]
2 info using npm@3.9.3
3 info using node@v6.2.1
4 verbose run-script [ 'prestart', 'start', 'poststart' ]
5 info lifecycle projectattempt2@1.0.0~prestart: projectattempt2@1.0.0
6 silly lifecycle projectattempt2@1.0.0~prestart: no script for prestart, continuing
7 info lifecycle projectattempt2@1.0.0~start: projectattempt2@1.0.0
8 verbose lifecycle projectattempt2@1.0.0~start: unsafe-perm in lifecycle true
9 verbose lifecycle projectattempt2@1.0.0~start: PATH: /home/pil0t/.nvm/versions/node/v6.2.1/lib/node_modules/npm/bin/node-gyp-bin:/home/pil0t/Projects/reactThings/projectAttempt2/node_modules/.bin:/home/pil0t/.nvm/versions/node/v6.2.1/bin:/home/pil0t/.nvm/versions/node/v6.2.1/bin:/home/pil0t/.rvm/gems/ruby-2.2.4/bin:/home/pil0t/.rvm/gems/ruby-2.2.4@global/bin:/home/pil0t/.rvm/rubies/ruby-2.2.4/bin:/home/pil0t/.rvm/gems/ruby-2.2.4/bin:/home/pil0t/.rvm/bin:/home/pil0t/GNUstep/Tools:/usr/local/sbin:/usr/local/bin:/usr/bin:/usr/lib/jvm/default/bin:/usr/bin/site_perl:/usr/bin/vendor_perl:/usr/bin/core_perl:/usr/local/sbin:/usr/local/bin:/usr/bin:/usr/bin/site_perl:/usr/bin/vendor_perl:/usr/bin/core_perl:./node_modules/.bin
10 verbose lifecycle projectattempt2@1.0.0~start: CWD: /home/pil0t/Projects/reactThings/projectAttempt2
11 silly lifecycle projectattempt2@1.0.0~start: Args: [ '-c', 'node src/api/server.js' ]
12 silly lifecycle projectattempt2@1.0.0~start: Returned: code: 1  signal: null
13 info lifecycle projectattempt2@1.0.0~start: Failed to exec start script
14 verbose stack Error: projectattempt2@1.0.0 start: `node src/api/server.js`
14 verbose stack Exit status 1
14 verbose stack     at EventEmitter.<anonymous> (/home/pil0t/.nvm/versions/node/v6.2.1/lib/node_modules/npm/lib/utils/lifecycle.js:245:16)
14 verbose stack     at emitTwo (events.js:106:13)
14 verbose stack     at EventEmitter.emit (events.js:191:7)
14 verbose stack     at ChildProcess.<anonymous> (/home/pil0t/.nvm/versions/node/v6.2.1/lib/node_modules/npm/lib/utils/spawn.js:24:14)
14 verbose stack     at emitTwo (events.js:106:13)
14 verbose stack     at ChildProcess.emit (events.js:191:7)
14 verbose stack     at maybeClose (internal/child_process.js:852:16)
14 verbose stack     at Process.ChildProcess._handle.onexit (internal/child_process.js:215:5)
15 verbose pkgid projectattempt2@1.0.0
16 verbose cwd /home/pil0t/Projects/reactThings/projectAttempt2
17 error Linux 4.8.8-2-ARCH
18 error argv "/home/pil0t/.nvm/versions/node/v6.2.1/bin/node" "/home/pil0t/.nvm/versions/node/v6.2.1/bin/npm" "start"
19 error node v6.2.1
20 error npm  v3.9.3
21 error code ELIFECYCLE
22 error projectattempt2@1.0.0 start: `node src/api/server.js`
22 error Exit status 1
23 error Failed at the projectattempt2@1.0.0 start script 'node src/api/server.js'.
23 error Make sure you have the latest version of node.js and npm installed.
23 error If you do, this is most likely a problem with the projectattempt2 package,
23 error not with npm itself.
23 error Tell the author that this fails on your system:
23 error     node src/api/server.js
23 error You can get information on how to open an issue for this project with:
23 error     npm bugs projectattempt2
23 error Or if that isn't available, you can get their info via:
23 error     npm owner ls projectattempt2
23 error There is likely additional logging output above.
24 verbose exit [ 1, true ]
